<?xml version="1.0" encoding="UTF-8"?>
<testng-results ignored="0" total="1" passed="1" failed="0" skipped="0">
  <reporter-output>
  </reporter-output>
  <suite started-at="2023-01-30T09:13:38 IST" name="Default suite" finished-at="2023-01-30T09:13:46 IST" duration-ms="8667">
    <groups>
    </groups>
    <test started-at="2023-01-30T09:13:38 IST" name="Default test" finished-at="2023-01-30T09:13:46 IST" duration-ms="8667">
      <class name="com.testscripts.OrnageHRMTest">
        <test-method is-config="true" signature="configData()[pri:0, instance:com.testscripts.OrnageHRMTest@1e1a0406]" started-at="2023-01-30T09:13:38 IST" name="configData" finished-at="2023-01-30T09:13:38 IST" duration-ms="15" status="PASS">
          <reporter-output>
          </reporter-output>
        </test-method> <!-- configData -->
        <test-method is-config="true" signature="setUP()[pri:0, instance:com.testscripts.OrnageHRMTest@1e1a0406]" started-at="2023-01-30T09:13:38 IST" name="setUP" finished-at="2023-01-30T09:13:44 IST" duration-ms="6543" status="PASS">
          <reporter-output>
          </reporter-output>
        </test-method> <!-- setUP -->
        <test-method signature="loginTestScript()[pri:0, instance:com.testscripts.OrnageHRMTest@1e1a0406]" started-at="2023-01-30T09:13:44 IST" name="loginTestScript" finished-at="2023-01-30T09:13:46 IST" duration-ms="1841" status="PASS">
          <reporter-output>
          </reporter-output>
        </test-method> <!-- loginTestScript -->
        <test-method is-config="true" signature="logOut()[pri:0, instance:com.testscripts.OrnageHRMTest@1e1a0406]" started-at="2023-01-30T09:13:46 IST" name="logOut" finished-at="2023-01-30T09:13:46 IST" duration-ms="237" status="PASS">
          <reporter-output>
          </reporter-output>
        </test-method> <!-- logOut -->
      </class> <!-- com.testscripts.OrnageHRMTest -->
    </test> <!-- Default test -->
  </suite> <!-- Default suite -->
</testng-results>
